<?xml version="1.0" encoding="UTF-8" ?>
<testsuite tests="3" failures="0" name="com.enfernuz.quik.lua.rpc.serde.json.DelLabelJsonSerdeTest" time="0.015" errors="0" skipped="0">
  <properties>
[...]
</properties>
  <testcase classname="com.enfernuz.quik.lua.rpc.serde.json.DelLabelJsonSerdeTest$RpcResultDeserializationTest" name="testResultObjectDeserialization" time="0.011"/>
  <testcase classname="com.enfernuz.quik.lua.rpc.serde.json.DelLabelJsonSerdeTest$RpcResultDeserializationTest" name="testJsonDeserialization" time="0.001"/>
  <testcase classname="com.enfernuz.quik.lua.rpc.serde.json.DelLabelJsonSerdeTest$RpcArgsSerializationTest" name="testArgsObjectSerialization" time="0.003"/>
</testsuite>